2015-09-07 17:24:04,405 [Worker-20] INFO  o.e.m.c.i.l.LifecycleMappingFactory - Using org.maven.ide.eclipse.wtp.WarLifecycleMapping lifecycle mapping for MavenProject: com.emc:shoppingcart:1.0.0-BUILD-SNAPSHOT @ C:\Users\shivas7\Documents\GSAP2015\Team-C\pom.xml.
2015-09-07 17:24:08,000 [Worker-20] WARN  o.e.m.c.i.embedder.EclipseLogger - Using platform encoding (Cp1252 actually) to copy filtered resources, i.e. build is platform dependent!
2015-09-07 17:24:08,010 [Worker-20] INFO  o.e.m.c.i.embedder.EclipseLogger - Copying 1 resource
2015-09-07 17:24:08,026 [Worker-20] WARN  o.e.m.c.i.embedder.EclipseLogger - Using platform encoding (Cp1252 actually) to copy filtered resources, i.e. build is platform dependent!
2015-09-07 17:24:08,028 [Worker-20] INFO  o.e.m.c.i.embedder.EclipseLogger - Copying 1 resource
2015-09-07 17:24:10,666 [Worker-2] WARN  o.e.m.c.i.embedder.EclipseLogger - Using platform encoding (Cp1252 actually) to copy filtered resources, i.e. build is platform dependent!
2015-09-07 17:24:10,670 [Worker-2] INFO  o.e.m.c.i.embedder.EclipseLogger - Copying 1 resource
2015-09-07 17:24:10,678 [Worker-2] WARN  o.e.m.c.i.embedder.EclipseLogger - Using platform encoding (Cp1252 actually) to copy filtered resources, i.e. build is platform dependent!
2015-09-07 17:24:10,679 [Worker-2] INFO  o.e.m.c.i.embedder.EclipseLogger - Copying 1 resource
2015-09-07 17:24:12,504 [Worker-25] WARN  o.e.m.c.i.embedder.EclipseLogger - Using platform encoding (Cp1252 actually) to copy filtered resources, i.e. build is platform dependent!
2015-09-07 17:24:12,506 [Worker-25] INFO  o.e.m.c.i.embedder.EclipseLogger - Copying 1 resource
2015-09-07 17:24:12,514 [Worker-25] WARN  o.e.m.c.i.embedder.EclipseLogger - Using platform encoding (Cp1252 actually) to copy filtered resources, i.e. build is platform dependent!
2015-09-07 17:24:12,516 [Worker-25] INFO  o.e.m.c.i.embedder.EclipseLogger - Copying 1 resource
2015-09-07 17:24:13,911 [Worker-20] WARN  o.e.m.c.i.embedder.EclipseLogger - Using platform encoding (Cp1252 actually) to copy filtered resources, i.e. build is platform dependent!
2015-09-07 17:24:13,914 [Worker-20] INFO  o.e.m.c.i.embedder.EclipseLogger - Copying 1 resource
2015-09-07 17:24:13,919 [Worker-20] WARN  o.e.m.c.i.embedder.EclipseLogger - Using platform encoding (Cp1252 actually) to copy filtered resources, i.e. build is platform dependent!
2015-09-07 17:24:13,921 [Worker-20] INFO  o.e.m.c.i.embedder.EclipseLogger - Copying 1 resource
2015-09-07 17:24:15,094 [Worker-26] WARN  o.e.m.c.i.embedder.EclipseLogger - Using platform encoding (Cp1252 actually) to copy filtered resources, i.e. build is platform dependent!
2015-09-07 17:24:15,096 [Worker-26] INFO  o.e.m.c.i.embedder.EclipseLogger - Copying 1 resource
2015-09-07 17:24:15,102 [Worker-26] WARN  o.e.m.c.i.embedder.EclipseLogger - Using platform encoding (Cp1252 actually) to copy filtered resources, i.e. build is platform dependent!
2015-09-07 17:24:15,106 [Worker-26] INFO  o.e.m.c.i.embedder.EclipseLogger - Copying 1 resource
2015-09-07 17:24:16,226 [Worker-19] WARN  o.e.m.c.i.embedder.EclipseLogger - Using platform encoding (Cp1252 actually) to copy filtered resources, i.e. build is platform dependent!
2015-09-07 17:24:16,228 [Worker-19] INFO  o.e.m.c.i.embedder.EclipseLogger - Copying 1 resource
2015-09-07 17:24:16,234 [Worker-19] WARN  o.e.m.c.i.embedder.EclipseLogger - Using platform encoding (Cp1252 actually) to copy filtered resources, i.e. build is platform dependent!
2015-09-07 17:24:16,235 [Worker-19] INFO  o.e.m.c.i.embedder.EclipseLogger - Copying 1 resource
2015-09-07 17:24:17,376 [Worker-2] WARN  o.e.m.c.i.embedder.EclipseLogger - Using platform encoding (Cp1252 actually) to copy filtered resources, i.e. build is platform dependent!
2015-09-07 17:24:17,378 [Worker-2] INFO  o.e.m.c.i.embedder.EclipseLogger - Copying 1 resource
2015-09-07 17:24:17,382 [Worker-2] WARN  o.e.m.c.i.embedder.EclipseLogger - Using platform encoding (Cp1252 actually) to copy filtered resources, i.e. build is platform dependent!
2015-09-07 17:24:17,384 [Worker-2] INFO  o.e.m.c.i.embedder.EclipseLogger - Copying 1 resource
2015-09-07 17:24:20,011 [Worker-21] WARN  o.e.m.c.i.embedder.EclipseLogger - Using platform encoding (Cp1252 actually) to copy filtered resources, i.e. build is platform dependent!
2015-09-07 17:24:20,013 [Worker-21] INFO  o.e.m.c.i.embedder.EclipseLogger - Copying 1 resource
2015-09-07 17:24:20,021 [Worker-21] WARN  o.e.m.c.i.embedder.EclipseLogger - Using platform encoding (Cp1252 actually) to copy filtered resources, i.e. build is platform dependent!
2015-09-07 17:24:20,023 [Worker-21] INFO  o.e.m.c.i.embedder.EclipseLogger - Copying 1 resource
2015-09-07 17:24:21,975 [Worker-25] WARN  o.e.m.c.i.embedder.EclipseLogger - Using platform encoding (Cp1252 actually) to copy filtered resources, i.e. build is platform dependent!
2015-09-07 17:24:21,981 [Worker-25] INFO  o.e.m.c.i.embedder.EclipseLogger - Copying 0 resource
2015-09-07 17:24:21,984 [Worker-25] WARN  o.e.m.c.i.embedder.EclipseLogger - Using platform encoding (Cp1252 actually) to copy filtered resources, i.e. build is platform dependent!
2015-09-07 17:24:21,986 [Worker-25] INFO  o.e.m.c.i.embedder.EclipseLogger - Copying 0 resource
2015-09-07 17:24:42,532 [Worker-15] WARN  o.e.m.c.i.embedder.EclipseLogger - Using platform encoding (Cp1252 actually) to copy filtered resources, i.e. build is platform dependent!
2015-09-07 17:24:42,535 [Worker-15] INFO  o.e.m.c.i.embedder.EclipseLogger - Copying 0 resource
2015-09-07 17:24:42,538 [Worker-15] WARN  o.e.m.c.i.embedder.EclipseLogger - Using platform encoding (Cp1252 actually) to copy filtered resources, i.e. build is platform dependent!
2015-09-07 17:24:42,540 [Worker-15] INFO  o.e.m.c.i.embedder.EclipseLogger - Copying 0 resource
2015-09-07 17:25:37,845 [Worker-19] WARN  o.e.m.c.i.embedder.EclipseLogger - Using platform encoding (Cp1252 actually) to copy filtered resources, i.e. build is platform dependent!
2015-09-07 17:25:37,847 [Worker-19] INFO  o.e.m.c.i.embedder.EclipseLogger - Copying 0 resource
2015-09-07 17:25:37,849 [Worker-19] WARN  o.e.m.c.i.embedder.EclipseLogger - Using platform encoding (Cp1252 actually) to copy filtered resources, i.e. build is platform dependent!
2015-09-07 17:25:37,852 [Worker-19] INFO  o.e.m.c.i.embedder.EclipseLogger - Copying 0 resource
2015-09-07 17:43:33,069 [Worker-36] WARN  o.e.m.c.i.embedder.EclipseLogger - Using platform encoding (Cp1252 actually) to copy filtered resources, i.e. build is platform dependent!
2015-09-07 17:43:33,071 [Worker-36] INFO  o.e.m.c.i.embedder.EclipseLogger - Copying 0 resource
2015-09-07 17:43:33,072 [Worker-36] WARN  o.e.m.c.i.embedder.EclipseLogger - Using platform encoding (Cp1252 actually) to copy filtered resources, i.e. build is platform dependent!
2015-09-07 17:43:33,073 [Worker-36] INFO  o.e.m.c.i.embedder.EclipseLogger - Copying 0 resource
2015-09-07 17:53:52,423 [Worker-39] WARN  o.e.m.c.i.embedder.EclipseLogger - Using platform encoding (Cp1252 actually) to copy filtered resources, i.e. build is platform dependent!
2015-09-07 17:53:52,424 [Worker-39] INFO  o.e.m.c.i.embedder.EclipseLogger - Copying 0 resource
2015-09-07 17:53:52,426 [Worker-39] WARN  o.e.m.c.i.embedder.EclipseLogger - Using platform encoding (Cp1252 actually) to copy filtered resources, i.e. build is platform dependent!
2015-09-07 17:53:52,427 [Worker-39] INFO  o.e.m.c.i.embedder.EclipseLogger - Copying 0 resource
2015-09-07 17:54:04,006 [Worker-37] WARN  o.e.m.c.i.embedder.EclipseLogger - Using platform encoding (Cp1252 actually) to copy filtered resources, i.e. build is platform dependent!
2015-09-07 17:54:04,007 [Worker-37] INFO  o.e.m.c.i.embedder.EclipseLogger - Copying 0 resource
2015-09-07 17:54:04,009 [Worker-37] WARN  o.e.m.c.i.embedder.EclipseLogger - Using platform encoding (Cp1252 actually) to copy filtered resources, i.e. build is platform dependent!
2015-09-07 17:54:04,026 [Worker-37] INFO  o.e.m.c.i.embedder.EclipseLogger - Copying 0 resource
2015-09-07 20:41:19,751 [Worker-77] WARN  o.e.m.c.i.embedder.EclipseLogger - Using platform encoding (Cp1252 actually) to copy filtered resources, i.e. build is platform dependent!
2015-09-07 20:41:19,757 [Worker-77] INFO  o.e.m.c.i.embedder.EclipseLogger - Copying 0 resource
2015-09-07 20:41:19,815 [Worker-77] WARN  o.e.m.c.i.embedder.EclipseLogger - Using platform encoding (Cp1252 actually) to copy filtered resources, i.e. build is platform dependent!
2015-09-07 20:41:19,817 [Worker-77] INFO  o.e.m.c.i.embedder.EclipseLogger - Copying 0 resource
2015-09-07 20:42:47,124 [Worker-80] WARN  o.e.m.c.i.embedder.EclipseLogger - Using platform encoding (Cp1252 actually) to copy filtered resources, i.e. build is platform dependent!
2015-09-07 20:42:47,126 [Worker-80] INFO  o.e.m.c.i.embedder.EclipseLogger - Copying 0 resource
2015-09-07 20:42:47,142 [Worker-80] WARN  o.e.m.c.i.embedder.EclipseLogger - Using platform encoding (Cp1252 actually) to copy filtered resources, i.e. build is platform dependent!
2015-09-07 20:42:47,144 [Worker-80] INFO  o.e.m.c.i.embedder.EclipseLogger - Copying 0 resource
2015-09-07 20:45:07,037 [Worker-80] WARN  o.e.m.c.i.embedder.EclipseLogger - Using platform encoding (Cp1252 actually) to copy filtered resources, i.e. build is platform dependent!
2015-09-07 20:45:07,039 [Worker-80] INFO  o.e.m.c.i.embedder.EclipseLogger - Copying 0 resource
2015-09-07 20:45:07,040 [Worker-80] WARN  o.e.m.c.i.embedder.EclipseLogger - Using platform encoding (Cp1252 actually) to copy filtered resources, i.e. build is platform dependent!
2015-09-07 20:45:07,041 [Worker-80] INFO  o.e.m.c.i.embedder.EclipseLogger - Copying 0 resource
2015-09-07 20:46:20,823 [Worker-78] WARN  o.e.m.c.i.embedder.EclipseLogger - Using platform encoding (Cp1252 actually) to copy filtered resources, i.e. build is platform dependent!
2015-09-07 20:46:20,824 [Worker-78] INFO  o.e.m.c.i.embedder.EclipseLogger - Copying 0 resource
2015-09-07 20:46:20,826 [Worker-78] WARN  o.e.m.c.i.embedder.EclipseLogger - Using platform encoding (Cp1252 actually) to copy filtered resources, i.e. build is platform dependent!
2015-09-07 20:46:20,829 [Worker-78] INFO  o.e.m.c.i.embedder.EclipseLogger - Copying 0 resource
2015-09-07 20:46:24,846 [Worker-82] WARN  o.e.m.c.i.embedder.EclipseLogger - Using platform encoding (Cp1252 actually) to copy filtered resources, i.e. build is platform dependent!
2015-09-07 20:46:24,848 [Worker-82] INFO  o.e.m.c.i.embedder.EclipseLogger - Copying 0 resource
2015-09-07 20:46:24,851 [Worker-82] WARN  o.e.m.c.i.embedder.EclipseLogger - Using platform encoding (Cp1252 actually) to copy filtered resources, i.e. build is platform dependent!
2015-09-07 20:46:24,853 [Worker-82] INFO  o.e.m.c.i.embedder.EclipseLogger - Copying 0 resource
2015-09-07 20:47:29,204 [Worker-83] WARN  o.e.m.c.i.embedder.EclipseLogger - Using platform encoding (Cp1252 actually) to copy filtered resources, i.e. build is platform dependent!
2015-09-07 20:47:29,206 [Worker-83] INFO  o.e.m.c.i.embedder.EclipseLogger - Copying 0 resource
2015-09-07 20:47:29,207 [Worker-83] WARN  o.e.m.c.i.embedder.EclipseLogger - Using platform encoding (Cp1252 actually) to copy filtered resources, i.e. build is platform dependent!
2015-09-07 20:47:29,220 [Worker-83] INFO  o.e.m.c.i.embedder.EclipseLogger - Copying 0 resource
2015-09-07 20:47:34,300 [Worker-83] WARN  o.e.m.c.i.embedder.EclipseLogger - Using platform encoding (Cp1252 actually) to copy filtered resources, i.e. build is platform dependent!
2015-09-07 20:47:34,302 [Worker-83] INFO  o.e.m.c.i.embedder.EclipseLogger - Copying 0 resource
2015-09-07 20:47:34,303 [Worker-83] WARN  o.e.m.c.i.embedder.EclipseLogger - Using platform encoding (Cp1252 actually) to copy filtered resources, i.e. build is platform dependent!
2015-09-07 20:47:34,305 [Worker-83] INFO  o.e.m.c.i.embedder.EclipseLogger - Copying 0 resource
2015-09-07 20:49:39,299 [Worker-76] WARN  o.e.m.c.i.embedder.EclipseLogger - Using platform encoding (Cp1252 actually) to copy filtered resources, i.e. build is platform dependent!
2015-09-07 20:49:39,325 [Worker-76] INFO  o.e.m.c.i.embedder.EclipseLogger - Copying 1 resource
2015-09-07 20:49:39,327 [Worker-76] WARN  o.e.m.c.i.embedder.EclipseLogger - Using platform encoding (Cp1252 actually) to copy filtered resources, i.e. build is platform dependent!
2015-09-07 20:49:39,329 [Worker-76] INFO  o.e.m.c.i.embedder.EclipseLogger - Copying 0 resource
2015-09-07 20:50:37,311 [Worker-80] WARN  o.e.m.c.i.embedder.EclipseLogger - Using platform encoding (Cp1252 actually) to copy filtered resources, i.e. build is platform dependent!
2015-09-07 20:50:37,313 [Worker-80] INFO  o.e.m.c.i.embedder.EclipseLogger - Copying 1 resource
2015-09-07 20:50:37,314 [Worker-80] WARN  o.e.m.c.i.embedder.EclipseLogger - Using platform encoding (Cp1252 actually) to copy filtered resources, i.e. build is platform dependent!
2015-09-07 20:50:37,317 [Worker-80] INFO  o.e.m.c.i.embedder.EclipseLogger - Copying 0 resource
2015-09-07 20:51:11,269 [Worker-78] WARN  o.e.m.c.i.embedder.EclipseLogger - Using platform encoding (Cp1252 actually) to copy filtered resources, i.e. build is platform dependent!
2015-09-07 20:51:11,272 [Worker-78] INFO  o.e.m.c.i.embedder.EclipseLogger - Copying 1 resource
2015-09-07 20:51:11,274 [Worker-78] WARN  o.e.m.c.i.embedder.EclipseLogger - Using platform encoding (Cp1252 actually) to copy filtered resources, i.e. build is platform dependent!
2015-09-07 20:51:11,276 [Worker-78] INFO  o.e.m.c.i.embedder.EclipseLogger - Copying 0 resource
2015-09-07 21:13:09,796 [Worker-98] WARN  o.e.m.c.i.embedder.EclipseLogger - Using platform encoding (Cp1252 actually) to copy filtered resources, i.e. build is platform dependent!
2015-09-07 21:13:09,800 [Worker-98] INFO  o.e.m.c.i.embedder.EclipseLogger - Copying 0 resource
2015-09-07 21:13:09,801 [Worker-98] WARN  o.e.m.c.i.embedder.EclipseLogger - Using platform encoding (Cp1252 actually) to copy filtered resources, i.e. build is platform dependent!
2015-09-07 21:13:09,803 [Worker-98] INFO  o.e.m.c.i.embedder.EclipseLogger - Copying 0 resource
2015-09-07 21:19:49,111 [Worker-92] WARN  o.e.m.c.i.embedder.EclipseLogger - Using platform encoding (Cp1252 actually) to copy filtered resources, i.e. build is platform dependent!
2015-09-07 21:19:49,116 [Worker-92] INFO  o.e.m.c.i.embedder.EclipseLogger - Copying 1 resource
2015-09-07 21:19:49,118 [Worker-92] WARN  o.e.m.c.i.embedder.EclipseLogger - Using platform encoding (Cp1252 actually) to copy filtered resources, i.e. build is platform dependent!
2015-09-07 21:19:49,121 [Worker-92] INFO  o.e.m.c.i.embedder.EclipseLogger - Copying 0 resource
2015-09-07 21:22:47,799 [Worker-103] WARN  o.e.m.c.i.embedder.EclipseLogger - Using platform encoding (Cp1252 actually) to copy filtered resources, i.e. build is platform dependent!
2015-09-07 21:22:47,801 [Worker-103] INFO  o.e.m.c.i.embedder.EclipseLogger - Copying 0 resource
2015-09-07 21:22:47,802 [Worker-103] WARN  o.e.m.c.i.embedder.EclipseLogger - Using platform encoding (Cp1252 actually) to copy filtered resources, i.e. build is platform dependent!
2015-09-07 21:22:47,803 [Worker-103] INFO  o.e.m.c.i.embedder.EclipseLogger - Copying 0 resource
2015-09-07 21:23:31,433 [Worker-104] WARN  o.e.m.c.i.embedder.EclipseLogger - Using platform encoding (Cp1252 actually) to copy filtered resources, i.e. build is platform dependent!
2015-09-07 21:23:31,435 [Worker-104] INFO  o.e.m.c.i.embedder.EclipseLogger - Copying 0 resource
2015-09-07 21:23:31,436 [Worker-104] WARN  o.e.m.c.i.embedder.EclipseLogger - Using platform encoding (Cp1252 actually) to copy filtered resources, i.e. build is platform dependent!
2015-09-07 21:23:31,438 [Worker-104] INFO  o.e.m.c.i.embedder.EclipseLogger - Copying 0 resource
2015-09-07 21:23:45,162 [Worker-104] WARN  o.e.m.c.i.embedder.EclipseLogger - Using platform encoding (Cp1252 actually) to copy filtered resources, i.e. build is platform dependent!
2015-09-07 21:23:45,164 [Worker-104] INFO  o.e.m.c.i.embedder.EclipseLogger - Copying 0 resource
2015-09-07 21:23:45,166 [Worker-104] WARN  o.e.m.c.i.embedder.EclipseLogger - Using platform encoding (Cp1252 actually) to copy filtered resources, i.e. build is platform dependent!
2015-09-07 21:23:45,169 [Worker-104] INFO  o.e.m.c.i.embedder.EclipseLogger - Copying 0 resource
2015-09-07 21:24:03,735 [Worker-106] WARN  o.e.m.c.i.embedder.EclipseLogger - Using platform encoding (Cp1252 actually) to copy filtered resources, i.e. build is platform dependent!
2015-09-07 21:24:03,737 [Worker-106] INFO  o.e.m.c.i.embedder.EclipseLogger - Copying 0 resource
2015-09-07 21:24:03,739 [Worker-106] WARN  o.e.m.c.i.embedder.EclipseLogger - Using platform encoding (Cp1252 actually) to copy filtered resources, i.e. build is platform dependent!
2015-09-07 21:24:03,742 [Worker-106] INFO  o.e.m.c.i.embedder.EclipseLogger - Copying 0 resource
2015-09-07 21:26:33,731 [Worker-102] WARN  o.e.m.c.i.embedder.EclipseLogger - Using platform encoding (Cp1252 actually) to copy filtered resources, i.e. build is platform dependent!
2015-09-07 21:26:33,733 [Worker-102] INFO  o.e.m.c.i.embedder.EclipseLogger - Copying 0 resource
2015-09-07 21:26:33,766 [Worker-102] WARN  o.e.m.c.i.embedder.EclipseLogger - Using platform encoding (Cp1252 actually) to copy filtered resources, i.e. build is platform dependent!
2015-09-07 21:26:33,768 [Worker-102] INFO  o.e.m.c.i.embedder.EclipseLogger - Copying 0 resource
2015-09-07 21:28:49,565 [Worker-106] WARN  o.e.m.c.i.embedder.EclipseLogger - Using platform encoding (Cp1252 actually) to copy filtered resources, i.e. build is platform dependent!
2015-09-07 21:28:49,566 [Worker-106] INFO  o.e.m.c.i.embedder.EclipseLogger - Copying 0 resource
2015-09-07 21:28:49,568 [Worker-106] WARN  o.e.m.c.i.embedder.EclipseLogger - Using platform encoding (Cp1252 actually) to copy filtered resources, i.e. build is platform dependent!
2015-09-07 21:28:49,569 [Worker-106] INFO  o.e.m.c.i.embedder.EclipseLogger - Copying 0 resource
2015-09-07 21:34:39,640 [Worker-92] WARN  o.e.m.c.i.embedder.EclipseLogger - Using platform encoding (Cp1252 actually) to copy filtered resources, i.e. build is platform dependent!
2015-09-07 21:34:39,641 [Worker-92] INFO  o.e.m.c.i.embedder.EclipseLogger - Copying 0 resource
2015-09-07 21:34:39,643 [Worker-92] WARN  o.e.m.c.i.embedder.EclipseLogger - Using platform encoding (Cp1252 actually) to copy filtered resources, i.e. build is platform dependent!
2015-09-07 21:34:39,644 [Worker-92] INFO  o.e.m.c.i.embedder.EclipseLogger - Copying 0 resource
2015-09-07 21:34:53,016 [Worker-107] WARN  o.e.m.c.i.embedder.EclipseLogger - Using platform encoding (Cp1252 actually) to copy filtered resources, i.e. build is platform dependent!
2015-09-07 21:34:53,018 [Worker-107] INFO  o.e.m.c.i.embedder.EclipseLogger - Copying 0 resource
2015-09-07 21:34:53,021 [Worker-107] WARN  o.e.m.c.i.embedder.EclipseLogger - Using platform encoding (Cp1252 actually) to copy filtered resources, i.e. build is platform dependent!
2015-09-07 21:34:53,030 [Worker-107] INFO  o.e.m.c.i.embedder.EclipseLogger - Copying 0 resource
2015-09-07 21:40:58,870 [Worker-117] WARN  o.e.m.c.i.embedder.EclipseLogger - Using platform encoding (Cp1252 actually) to copy filtered resources, i.e. build is platform dependent!
2015-09-07 21:40:58,873 [Worker-117] INFO  o.e.m.c.i.embedder.EclipseLogger - Copying 1 resource
2015-09-07 21:40:58,875 [Worker-117] WARN  o.e.m.c.i.embedder.EclipseLogger - Using platform encoding (Cp1252 actually) to copy filtered resources, i.e. build is platform dependent!
2015-09-07 21:40:58,881 [Worker-117] INFO  o.e.m.c.i.embedder.EclipseLogger - Copying 1 resource
2015-09-07 21:41:15,497 [Worker-118] WARN  o.e.m.c.i.embedder.EclipseLogger - Using platform encoding (Cp1252 actually) to copy filtered resources, i.e. build is platform dependent!
2015-09-07 21:41:15,501 [Worker-118] INFO  o.e.m.c.i.embedder.EclipseLogger - Copying 1 resource
2015-09-07 21:41:15,503 [Worker-118] WARN  o.e.m.c.i.embedder.EclipseLogger - Using platform encoding (Cp1252 actually) to copy filtered resources, i.e. build is platform dependent!
2015-09-07 21:41:15,508 [Worker-118] INFO  o.e.m.c.i.embedder.EclipseLogger - Copying 0 resource
2015-09-07 21:41:33,346 [Worker-92] WARN  o.e.m.c.i.embedder.EclipseLogger - Using platform encoding (Cp1252 actually) to copy filtered resources, i.e. build is platform dependent!
2015-09-07 21:41:33,348 [Worker-92] INFO  o.e.m.c.i.embedder.EclipseLogger - Copying 1 resource
2015-09-07 21:41:33,350 [Worker-92] WARN  o.e.m.c.i.embedder.EclipseLogger - Using platform encoding (Cp1252 actually) to copy filtered resources, i.e. build is platform dependent!
2015-09-07 21:41:33,353 [Worker-92] INFO  o.e.m.c.i.embedder.EclipseLogger - Copying 0 resource
2015-09-07 21:42:00,942 [Worker-92] WARN  o.e.m.c.i.embedder.EclipseLogger - Using platform encoding (Cp1252 actually) to copy filtered resources, i.e. build is platform dependent!
2015-09-07 21:42:00,944 [Worker-92] INFO  o.e.m.c.i.embedder.EclipseLogger - Copying 1 resource
2015-09-07 21:42:00,945 [Worker-92] WARN  o.e.m.c.i.embedder.EclipseLogger - Using platform encoding (Cp1252 actually) to copy filtered resources, i.e. build is platform dependent!
2015-09-07 21:42:00,947 [Worker-92] INFO  o.e.m.c.i.embedder.EclipseLogger - Copying 0 resource
2015-09-07 21:49:58,219 [Worker-112] WARN  o.e.m.c.i.embedder.EclipseLogger - Using platform encoding (Cp1252 actually) to copy filtered resources, i.e. build is platform dependent!
2015-09-07 21:49:58,222 [Worker-112] INFO  o.e.m.c.i.embedder.EclipseLogger - Copying 1 resource
2015-09-07 21:49:58,224 [Worker-112] WARN  o.e.m.c.i.embedder.EclipseLogger - Using platform encoding (Cp1252 actually) to copy filtered resources, i.e. build is platform dependent!
2015-09-07 21:49:58,226 [Worker-112] INFO  o.e.m.c.i.embedder.EclipseLogger - Copying 0 resource
2015-09-07 21:50:40,374 [Worker-123] WARN  o.e.m.c.i.embedder.EclipseLogger - Using platform encoding (Cp1252 actually) to copy filtered resources, i.e. build is platform dependent!
2015-09-07 21:50:40,377 [Worker-123] INFO  o.e.m.c.i.embedder.EclipseLogger - Copying 1 resource
2015-09-07 21:50:40,378 [Worker-123] WARN  o.e.m.c.i.embedder.EclipseLogger - Using platform encoding (Cp1252 actually) to copy filtered resources, i.e. build is platform dependent!
2015-09-07 21:50:40,379 [Worker-123] INFO  o.e.m.c.i.embedder.EclipseLogger - Copying 0 resource
2015-09-07 21:54:49,917 [Worker-122] WARN  o.e.m.c.i.embedder.EclipseLogger - Using platform encoding (Cp1252 actually) to copy filtered resources, i.e. build is platform dependent!
2015-09-07 21:54:49,920 [Worker-122] INFO  o.e.m.c.i.embedder.EclipseLogger - Copying 1 resource
2015-09-07 21:54:49,922 [Worker-122] WARN  o.e.m.c.i.embedder.EclipseLogger - Using platform encoding (Cp1252 actually) to copy filtered resources, i.e. build is platform dependent!
2015-09-07 21:54:49,923 [Worker-122] INFO  o.e.m.c.i.embedder.EclipseLogger - Copying 0 resource
2015-09-07 21:57:19,243 [Worker-112] WARN  o.e.m.c.i.embedder.EclipseLogger - Using platform encoding (Cp1252 actually) to copy filtered resources, i.e. build is platform dependent!
2015-09-07 21:57:19,247 [Worker-112] INFO  o.e.m.c.i.embedder.EclipseLogger - Copying 1 resource
2015-09-07 21:57:19,249 [Worker-112] WARN  o.e.m.c.i.embedder.EclipseLogger - Using platform encoding (Cp1252 actually) to copy filtered resources, i.e. build is platform dependent!
2015-09-07 21:57:19,251 [Worker-112] INFO  o.e.m.c.i.embedder.EclipseLogger - Copying 0 resource
2015-09-07 21:59:22,605 [Worker-121] WARN  o.e.m.c.i.embedder.EclipseLogger - Using platform encoding (Cp1252 actually) to copy filtered resources, i.e. build is platform dependent!
2015-09-07 21:59:22,608 [Worker-121] INFO  o.e.m.c.i.embedder.EclipseLogger - Copying 1 resource
2015-09-07 21:59:22,611 [Worker-121] WARN  o.e.m.c.i.embedder.EclipseLogger - Using platform encoding (Cp1252 actually) to copy filtered resources, i.e. build is platform dependent!
2015-09-07 21:59:22,613 [Worker-121] INFO  o.e.m.c.i.embedder.EclipseLogger - Copying 0 resource
2015-09-07 22:00:18,794 [Worker-127] WARN  o.e.m.c.i.embedder.EclipseLogger - Using platform encoding (Cp1252 actually) to copy filtered resources, i.e. build is platform dependent!
2015-09-07 22:00:18,799 [Worker-127] INFO  o.e.m.c.i.embedder.EclipseLogger - Copying 1 resource
2015-09-07 22:00:18,801 [Worker-127] WARN  o.e.m.c.i.embedder.EclipseLogger - Using platform encoding (Cp1252 actually) to copy filtered resources, i.e. build is platform dependent!
2015-09-07 22:00:18,804 [Worker-127] INFO  o.e.m.c.i.embedder.EclipseLogger - Copying 0 resource
2015-09-07 22:00:54,435 [Worker-124] WARN  o.e.m.c.i.embedder.EclipseLogger - Using platform encoding (Cp1252 actually) to copy filtered resources, i.e. build is platform dependent!
2015-09-07 22:00:54,436 [Worker-124] INFO  o.e.m.c.i.embedder.EclipseLogger - Copying 1 resource
2015-09-07 22:00:54,437 [Worker-124] WARN  o.e.m.c.i.embedder.EclipseLogger - Using platform encoding (Cp1252 actually) to copy filtered resources, i.e. build is platform dependent!
2015-09-07 22:00:54,440 [Worker-124] INFO  o.e.m.c.i.embedder.EclipseLogger - Copying 0 resource
2015-09-07 22:00:57,992 [Worker-121] WARN  o.e.m.c.i.embedder.EclipseLogger - Using platform encoding (Cp1252 actually) to copy filtered resources, i.e. build is platform dependent!
2015-09-07 22:00:57,995 [Worker-121] INFO  o.e.m.c.i.embedder.EclipseLogger - Copying 1 resource
2015-09-07 22:00:57,998 [Worker-121] WARN  o.e.m.c.i.embedder.EclipseLogger - Using platform encoding (Cp1252 actually) to copy filtered resources, i.e. build is platform dependent!
2015-09-07 22:00:58,002 [Worker-121] INFO  o.e.m.c.i.embedder.EclipseLogger - Copying 0 resource
2015-09-07 22:01:12,723 [Worker-128] WARN  o.e.m.c.i.embedder.EclipseLogger - Using platform encoding (Cp1252 actually) to copy filtered resources, i.e. build is platform dependent!
2015-09-07 22:01:12,726 [Worker-128] INFO  o.e.m.c.i.embedder.EclipseLogger - Copying 1 resource
2015-09-07 22:01:12,728 [Worker-128] WARN  o.e.m.c.i.embedder.EclipseLogger - Using platform encoding (Cp1252 actually) to copy filtered resources, i.e. build is platform dependent!
2015-09-07 22:01:12,730 [Worker-128] INFO  o.e.m.c.i.embedder.EclipseLogger - Copying 0 resource
2015-09-07 22:02:44,663 [Worker-129] WARN  o.e.m.c.i.embedder.EclipseLogger - Using platform encoding (Cp1252 actually) to copy filtered resources, i.e. build is platform dependent!
2015-09-07 22:02:44,665 [Worker-129] INFO  o.e.m.c.i.embedder.EclipseLogger - Copying 1 resource
2015-09-07 22:02:44,667 [Worker-129] WARN  o.e.m.c.i.embedder.EclipseLogger - Using platform encoding (Cp1252 actually) to copy filtered resources, i.e. build is platform dependent!
2015-09-07 22:02:44,668 [Worker-129] INFO  o.e.m.c.i.embedder.EclipseLogger - Copying 0 resource
2015-09-07 22:14:21,565 [Worker-131] WARN  o.e.m.c.i.embedder.EclipseLogger - Using platform encoding (Cp1252 actually) to copy filtered resources, i.e. build is platform dependent!
2015-09-07 22:14:21,570 [Worker-131] INFO  o.e.m.c.i.embedder.EclipseLogger - Copying 1 resource
2015-09-07 22:14:21,573 [Worker-131] WARN  o.e.m.c.i.embedder.EclipseLogger - Using platform encoding (Cp1252 actually) to copy filtered resources, i.e. build is platform dependent!
2015-09-07 22:14:21,575 [Worker-131] INFO  o.e.m.c.i.embedder.EclipseLogger - Copying 0 resource
2015-09-07 22:15:24,008 [Worker-132] WARN  o.e.m.c.i.embedder.EclipseLogger - Using platform encoding (Cp1252 actually) to copy filtered resources, i.e. build is platform dependent!
2015-09-07 22:15:24,012 [Worker-132] INFO  o.e.m.c.i.embedder.EclipseLogger - Copying 1 resource
2015-09-07 22:15:24,014 [Worker-132] WARN  o.e.m.c.i.embedder.EclipseLogger - Using platform encoding (Cp1252 actually) to copy filtered resources, i.e. build is platform dependent!
2015-09-07 22:15:24,017 [Worker-132] INFO  o.e.m.c.i.embedder.EclipseLogger - Copying 0 resource
2015-09-07 22:15:56,563 [Worker-127] WARN  o.e.m.c.i.embedder.EclipseLogger - Using platform encoding (Cp1252 actually) to copy filtered resources, i.e. build is platform dependent!
2015-09-07 22:15:56,566 [Worker-127] INFO  o.e.m.c.i.embedder.EclipseLogger - Copying 1 resource
2015-09-07 22:15:56,568 [Worker-127] WARN  o.e.m.c.i.embedder.EclipseLogger - Using platform encoding (Cp1252 actually) to copy filtered resources, i.e. build is platform dependent!
2015-09-07 22:15:56,574 [Worker-127] INFO  o.e.m.c.i.embedder.EclipseLogger - Copying 0 resource
2015-09-07 22:27:22,965 [Worker-138] WARN  o.e.m.c.i.embedder.EclipseLogger - Using platform encoding (Cp1252 actually) to copy filtered resources, i.e. build is platform dependent!
2015-09-07 22:27:22,968 [Worker-138] INFO  o.e.m.c.i.embedder.EclipseLogger - Copying 0 resource
2015-09-07 22:27:22,976 [Worker-138] WARN  o.e.m.c.i.embedder.EclipseLogger - Using platform encoding (Cp1252 actually) to copy filtered resources, i.e. build is platform dependent!
2015-09-07 22:27:22,984 [Worker-138] INFO  o.e.m.c.i.embedder.EclipseLogger - Copying 0 resource
2015-09-07 22:31:37,839 [Worker-146] WARN  o.e.m.c.i.embedder.EclipseLogger - Using platform encoding (Cp1252 actually) to copy filtered resources, i.e. build is platform dependent!
2015-09-07 22:31:37,842 [Worker-146] INFO  o.e.m.c.i.embedder.EclipseLogger - Copying 0 resource
2015-09-07 22:31:37,844 [Worker-146] WARN  o.e.m.c.i.embedder.EclipseLogger - Using platform encoding (Cp1252 actually) to copy filtered resources, i.e. build is platform dependent!
2015-09-07 22:31:37,848 [Worker-146] INFO  o.e.m.c.i.embedder.EclipseLogger - Copying 1 resource
2015-09-07 22:31:43,559 [Worker-142] WARN  o.e.m.c.i.embedder.EclipseLogger - Using platform encoding (Cp1252 actually) to copy filtered resources, i.e. build is platform dependent!
2015-09-07 22:31:43,561 [Worker-142] INFO  o.e.m.c.i.embedder.EclipseLogger - Copying 0 resource
2015-09-07 22:31:43,562 [Worker-142] WARN  o.e.m.c.i.embedder.EclipseLogger - Using platform encoding (Cp1252 actually) to copy filtered resources, i.e. build is platform dependent!
2015-09-07 22:31:43,564 [Worker-142] INFO  o.e.m.c.i.embedder.EclipseLogger - Copying 1 resource
2015-09-07 22:31:53,186 [Worker-144] WARN  o.e.m.c.i.embedder.EclipseLogger - Using platform encoding (Cp1252 actually) to copy filtered resources, i.e. build is platform dependent!
2015-09-07 22:31:53,188 [Worker-144] INFO  o.e.m.c.i.embedder.EclipseLogger - Copying 0 resource
2015-09-07 22:31:53,190 [Worker-144] WARN  o.e.m.c.i.embedder.EclipseLogger - Using platform encoding (Cp1252 actually) to copy filtered resources, i.e. build is platform dependent!
2015-09-07 22:31:53,193 [Worker-144] INFO  o.e.m.c.i.embedder.EclipseLogger - Copying 1 resource
2015-09-07 22:34:08,222 [Worker-142] WARN  o.e.m.c.i.embedder.EclipseLogger - Using platform encoding (Cp1252 actually) to copy filtered resources, i.e. build is platform dependent!
2015-09-07 22:34:08,226 [Worker-142] INFO  o.e.m.c.i.embedder.EclipseLogger - Copying 1 resource
2015-09-07 22:34:08,229 [Worker-142] WARN  o.e.m.c.i.embedder.EclipseLogger - Using platform encoding (Cp1252 actually) to copy filtered resources, i.e. build is platform dependent!
2015-09-07 22:34:08,231 [Worker-142] INFO  o.e.m.c.i.embedder.EclipseLogger - Copying 0 resource
2015-09-07 22:34:20,004 [Worker-142] WARN  o.e.m.c.i.embedder.EclipseLogger - Using platform encoding (Cp1252 actually) to copy filtered resources, i.e. build is platform dependent!
2015-09-07 22:34:20,007 [Worker-142] INFO  o.e.m.c.i.embedder.EclipseLogger - Copying 1 resource
2015-09-07 22:34:20,010 [Worker-142] WARN  o.e.m.c.i.embedder.EclipseLogger - Using platform encoding (Cp1252 actually) to copy filtered resources, i.e. build is platform dependent!
2015-09-07 22:34:20,015 [Worker-142] INFO  o.e.m.c.i.embedder.EclipseLogger - Copying 0 resource
2015-09-07 22:37:36,253 [Worker-149] WARN  o.e.m.c.i.embedder.EclipseLogger - Using platform encoding (Cp1252 actually) to copy filtered resources, i.e. build is platform dependent!
2015-09-07 22:37:36,257 [Worker-149] INFO  o.e.m.c.i.embedder.EclipseLogger - Copying 1 resource
2015-09-07 22:37:36,259 [Worker-149] WARN  o.e.m.c.i.embedder.EclipseLogger - Using platform encoding (Cp1252 actually) to copy filtered resources, i.e. build is platform dependent!
2015-09-07 22:37:36,261 [Worker-149] INFO  o.e.m.c.i.embedder.EclipseLogger - Copying 0 resource
2015-09-07 22:42:30,365 [Worker-151] WARN  o.e.m.c.i.embedder.EclipseLogger - Using platform encoding (Cp1252 actually) to copy filtered resources, i.e. build is platform dependent!
2015-09-07 22:42:30,370 [Worker-151] INFO  o.e.m.c.i.embedder.EclipseLogger - Copying 1 resource
2015-09-07 22:42:30,372 [Worker-151] WARN  o.e.m.c.i.embedder.EclipseLogger - Using platform encoding (Cp1252 actually) to copy filtered resources, i.e. build is platform dependent!
2015-09-07 22:42:30,375 [Worker-151] INFO  o.e.m.c.i.embedder.EclipseLogger - Copying 0 resource
2015-09-07 22:42:57,125 [Worker-157] WARN  o.e.m.c.i.embedder.EclipseLogger - Using platform encoding (Cp1252 actually) to copy filtered resources, i.e. build is platform dependent!
2015-09-07 22:42:57,128 [Worker-157] INFO  o.e.m.c.i.embedder.EclipseLogger - Copying 1 resource
2015-09-07 22:42:57,131 [Worker-157] WARN  o.e.m.c.i.embedder.EclipseLogger - Using platform encoding (Cp1252 actually) to copy filtered resources, i.e. build is platform dependent!
2015-09-07 22:42:57,133 [Worker-157] INFO  o.e.m.c.i.embedder.EclipseLogger - Copying 0 resource
2015-09-07 22:53:52,824 [Worker-163] WARN  o.e.m.c.i.embedder.EclipseLogger - Using platform encoding (Cp1252 actually) to copy filtered resources, i.e. build is platform dependent!
2015-09-07 22:53:52,833 [Worker-163] INFO  o.e.m.c.i.embedder.EclipseLogger - Copying 1 resource
2015-09-07 22:53:52,836 [Worker-163] WARN  o.e.m.c.i.embedder.EclipseLogger - Using platform encoding (Cp1252 actually) to copy filtered resources, i.e. build is platform dependent!
2015-09-07 22:53:52,838 [Worker-163] INFO  o.e.m.c.i.embedder.EclipseLogger - Copying 0 resource
2015-09-07 22:54:01,467 [Worker-169] WARN  o.e.m.c.i.embedder.EclipseLogger - Using platform encoding (Cp1252 actually) to copy filtered resources, i.e. build is platform dependent!
2015-09-07 22:54:01,471 [Worker-169] INFO  o.e.m.c.i.embedder.EclipseLogger - Copying 1 resource
2015-09-07 22:54:01,473 [Worker-169] WARN  o.e.m.c.i.embedder.EclipseLogger - Using platform encoding (Cp1252 actually) to copy filtered resources, i.e. build is platform dependent!
2015-09-07 22:54:01,478 [Worker-169] INFO  o.e.m.c.i.embedder.EclipseLogger - Copying 0 resource
2015-09-07 22:59:15,498 [Worker-151] INFO  o.e.m.c.i.l.LifecycleMappingFactory - Using org.maven.ide.eclipse.wtp.WarLifecycleMapping lifecycle mapping for MavenProject: com.emc:shoppingcart:1.0.0-BUILD-SNAPSHOT @ C:\Users\shivas7\Documents\GSAP2015\Team-C\pom.xml.
2015-09-07 22:59:17,081 [Worker-151] WARN  o.e.m.c.i.embedder.EclipseLogger - Using platform encoding (Cp1252 actually) to copy filtered resources, i.e. build is platform dependent!
2015-09-07 22:59:17,083 [Worker-151] INFO  o.e.m.c.i.embedder.EclipseLogger - Copying 0 resource
2015-09-07 22:59:17,085 [Worker-151] WARN  o.e.m.c.i.embedder.EclipseLogger - Using platform encoding (Cp1252 actually) to copy filtered resources, i.e. build is platform dependent!
2015-09-07 22:59:17,086 [Worker-151] INFO  o.e.m.c.i.embedder.EclipseLogger - Copying 0 resource
2015-09-07 22:59:17,090 [Worker-151] INFO  o.e.m.w.i.f.ResourceFilteringBuildParticipant - Changed resources require a complete clean of filtered resources of Team-C
2015-09-07 22:59:17,091 [Worker-151] INFO  o.e.m.w.i.f.ResourceFilteringBuildParticipant - Executing resource filtering for Team-C
2015-09-07 22:59:17,096 [Worker-151] WARN  o.e.m.c.i.embedder.EclipseLogger - Using platform encoding (Cp1252 actually) to copy filtered resources, i.e. build is platform dependent!
2015-09-07 22:59:19,223 [Worker-171] WARN  o.e.m.c.i.embedder.EclipseLogger - Using platform encoding (Cp1252 actually) to copy filtered resources, i.e. build is platform dependent!
2015-09-07 22:59:19,226 [Worker-171] INFO  o.e.m.c.i.embedder.EclipseLogger - Copying 0 resource
2015-09-07 22:59:19,228 [Worker-171] WARN  o.e.m.c.i.embedder.EclipseLogger - Using platform encoding (Cp1252 actually) to copy filtered resources, i.e. build is platform dependent!
2015-09-07 22:59:19,229 [Worker-171] INFO  o.e.m.c.i.embedder.EclipseLogger - Copying 0 resource
2015-09-07 22:59:47,924 [Worker-171] INFO  o.e.m.c.i.p.ProjectConfigurationManager - Update started
2015-09-07 22:59:49,047 [Worker-171] INFO  o.e.m.c.i.l.LifecycleMappingFactory - Using org.maven.ide.eclipse.wtp.WarLifecycleMapping lifecycle mapping for MavenProject: com.emc:shoppingcart:1.0.0-BUILD-SNAPSHOT @ C:\Users\shivas7\Documents\GSAP2015\Team-C\pom.xml.
2015-09-07 22:59:50,302 [Worker-171] INFO  o.e.m.j.i.AbstractJavaProjectConfigurator - Adding source folder /Team-C/src/main/java
2015-09-07 22:59:50,303 [Worker-171] INFO  o.e.m.j.i.AbstractJavaProjectConfigurator - Adding resource folder /Team-C/src/main/resources
2015-09-07 22:59:50,303 [Worker-171] INFO  o.e.m.j.i.AbstractJavaProjectConfigurator - Adding source folder /Team-C/src/test/java
2015-09-07 22:59:50,304 [Worker-171] INFO  o.e.m.j.i.AbstractJavaProjectConfigurator - Adding resource folder /Team-C/src/test/resources
2015-09-07 22:59:51,592 [Worker-171] INFO  o.e.m.w.i.f.ResourceFilteringBuildParticipant - Cleaning filtered folder for Team-C
2015-09-07 22:59:51,609 [Worker-171] INFO  o.e.m.c.i.p.ProjectConfigurationManager - Update completed: 3 sec
2015-09-07 22:59:52,679 [Worker-151] WARN  o.e.m.c.i.embedder.EclipseLogger - Using platform encoding (Cp1252 actually) to copy filtered resources, i.e. build is platform dependent!
2015-09-07 22:59:52,681 [Worker-151] INFO  o.e.m.c.i.embedder.EclipseLogger - Copying 1 resource
2015-09-07 22:59:52,696 [Worker-151] WARN  o.e.m.c.i.embedder.EclipseLogger - Using platform encoding (Cp1252 actually) to copy filtered resources, i.e. build is platform dependent!
2015-09-07 22:59:52,697 [Worker-151] INFO  o.e.m.c.i.embedder.EclipseLogger - Copying 1 resource
2015-09-07 22:59:52,703 [Worker-151] INFO  o.e.m.w.i.f.ResourceFilteringBuildParticipant - Changed resources require a complete clean of filtered resources of Team-C
2015-09-07 22:59:52,703 [Worker-151] INFO  o.e.m.w.i.f.ResourceFilteringBuildParticipant - Executing resource filtering for Team-C
2015-09-07 22:59:52,710 [Worker-151] WARN  o.e.m.c.i.embedder.EclipseLogger - Using platform encoding (Cp1252 actually) to copy filtered resources, i.e. build is platform dependent!
2015-09-07 23:06:24,788 [Worker-177] INFO  o.e.m.c.i.p.ProjectConfigurationManager - Update started
2015-09-07 23:06:25,753 [Worker-177] INFO  o.e.m.c.i.l.LifecycleMappingFactory - Using org.maven.ide.eclipse.wtp.WarLifecycleMapping lifecycle mapping for MavenProject: com.emc:shoppingcart:1.0.0-BUILD-SNAPSHOT @ C:\Users\shivas7\Documents\GSAP2015\Team-C\pom.xml.
2015-09-07 23:06:27,425 [Worker-177] INFO  o.e.m.j.i.AbstractJavaProjectConfigurator - Adding source folder /Team-C/src/main/java
2015-09-07 23:06:27,425 [Worker-177] INFO  o.e.m.j.i.AbstractJavaProjectConfigurator - Adding resource folder /Team-C/src/main/resources
2015-09-07 23:06:27,426 [Worker-177] INFO  o.e.m.j.i.AbstractJavaProjectConfigurator - Adding source folder /Team-C/src/test/java
2015-09-07 23:06:27,426 [Worker-177] INFO  o.e.m.j.i.AbstractJavaProjectConfigurator - Adding resource folder /Team-C/src/test/resources
2015-09-07 23:06:27,987 [Worker-177] INFO  o.e.m.w.i.f.ResourceFilteringBuildParticipant - Cleaning filtered folder for Team-C
2015-09-07 23:06:27,998 [Worker-177] INFO  o.e.m.c.i.p.ProjectConfigurationManager - Update completed: 3 sec
2015-09-07 23:06:28,703 [Worker-176] WARN  o.e.m.c.i.embedder.EclipseLogger - Using platform encoding (Cp1252 actually) to copy filtered resources, i.e. build is platform dependent!
2015-09-07 23:06:28,705 [Worker-176] INFO  o.e.m.c.i.embedder.EclipseLogger - Copying 1 resource
2015-09-07 23:06:28,713 [Worker-176] WARN  o.e.m.c.i.embedder.EclipseLogger - Using platform encoding (Cp1252 actually) to copy filtered resources, i.e. build is platform dependent!
2015-09-07 23:06:28,714 [Worker-176] INFO  o.e.m.c.i.embedder.EclipseLogger - Copying 1 resource
2015-09-07 23:06:28,716 [Worker-176] INFO  o.e.m.w.i.f.ResourceFilteringBuildParticipant - Changed resources require a complete clean of filtered resources of Team-C
2015-09-07 23:06:28,717 [Worker-176] INFO  o.e.m.w.i.f.ResourceFilteringBuildParticipant - Executing resource filtering for Team-C
2015-09-07 23:06:28,721 [Worker-176] WARN  o.e.m.c.i.embedder.EclipseLogger - Using platform encoding (Cp1252 actually) to copy filtered resources, i.e. build is platform dependent!
2015-09-07 23:09:18,219 [Worker-183] INFO  o.e.m.i.launch.MavenLaunchDelegate - C:\Users\shivas7\Documents\GSAP2015\Team-C
2015-09-07 23:09:18,220 [Worker-183] INFO  o.e.m.i.launch.MavenLaunchDelegate -  mvn  -B clean
2015-09-07 23:09:23,344 [Worker-176] WARN  o.e.m.c.i.embedder.EclipseLogger - Using platform encoding (Cp1252 actually) to copy filtered resources, i.e. build is platform dependent!
2015-09-07 23:09:23,350 [Worker-176] INFO  o.e.m.c.i.embedder.EclipseLogger - Copying 1 resource
2015-09-07 23:09:23,359 [Worker-176] WARN  o.e.m.c.i.embedder.EclipseLogger - Using platform encoding (Cp1252 actually) to copy filtered resources, i.e. build is platform dependent!
2015-09-07 23:09:23,362 [Worker-176] INFO  o.e.m.c.i.embedder.EclipseLogger - Copying 1 resource
2015-09-07 23:09:23,368 [Worker-176] INFO  o.e.m.w.i.f.ResourceFilteringBuildParticipant - Changed resources require a complete clean of filtered resources of Team-C
2015-09-07 23:09:23,369 [Worker-176] INFO  o.e.m.w.i.f.ResourceFilteringBuildParticipant - Executing resource filtering for Team-C
2015-09-07 23:09:23,376 [Worker-176] WARN  o.e.m.c.i.embedder.EclipseLogger - Using platform encoding (Cp1252 actually) to copy filtered resources, i.e. build is platform dependent!
2015-09-07 23:09:43,570 [JavaFX Application Thread] INFO  o.e.m2e.actions.ExecutePomAction - Creating new launch configuration
2015-09-07 23:09:48,060 [Worker-179] INFO  o.e.m.i.launch.MavenLaunchDelegate - C:\Users\shivas7\Documents\GSAP2015\Team-C
2015-09-07 23:09:48,060 [Worker-179] INFO  o.e.m.i.launch.MavenLaunchDelegate -  mvn  -B 
2015-09-07 23:10:19,845 [Worker-176] INFO  o.e.m.c.i.l.LifecycleMappingFactory - Using org.maven.ide.eclipse.wtp.WarLifecycleMapping lifecycle mapping for MavenProject: com.emc:shoppingcart:1.0.0-BUILD-SNAPSHOT @ C:\Users\shivas7\Documents\GSAP2015\Team-C\pom.xml.
2015-09-07 23:10:21,642 [Worker-176] WARN  o.e.m.c.i.embedder.EclipseLogger - Using platform encoding (Cp1252 actually) to copy filtered resources, i.e. build is platform dependent!
2015-09-07 23:10:21,645 [Worker-176] INFO  o.e.m.c.i.embedder.EclipseLogger - Copying 0 resource
2015-09-07 23:10:21,647 [Worker-176] WARN  o.e.m.c.i.embedder.EclipseLogger - Using platform encoding (Cp1252 actually) to copy filtered resources, i.e. build is platform dependent!
2015-09-07 23:10:21,648 [Worker-176] INFO  o.e.m.c.i.embedder.EclipseLogger - Copying 0 resource
2015-09-07 23:10:21,648 [Worker-176] INFO  o.e.m.w.i.f.ResourceFilteringBuildParticipant - Changed resources require a complete clean of filtered resources of Team-C
2015-09-07 23:10:21,648 [Worker-176] INFO  o.e.m.w.i.f.ResourceFilteringBuildParticipant - Executing resource filtering for Team-C
2015-09-07 23:10:21,653 [Worker-176] WARN  o.e.m.c.i.embedder.EclipseLogger - Using platform encoding (Cp1252 actually) to copy filtered resources, i.e. build is platform dependent!
2015-09-07 23:10:23,930 [Worker-178] WARN  o.e.m.c.i.embedder.EclipseLogger - Using platform encoding (Cp1252 actually) to copy filtered resources, i.e. build is platform dependent!
2015-09-07 23:10:23,933 [Worker-178] INFO  o.e.m.c.i.embedder.EclipseLogger - Copying 1 resource
2015-09-07 23:10:23,945 [Worker-178] WARN  o.e.m.c.i.embedder.EclipseLogger - Using platform encoding (Cp1252 actually) to copy filtered resources, i.e. build is platform dependent!
2015-09-07 23:10:23,947 [Worker-178] INFO  o.e.m.c.i.embedder.EclipseLogger - Copying 1 resource
2015-09-07 23:13:35,260 [Worker-1] INFO  o.e.m.c.i.l.LifecycleMappingFactory - Using org.maven.ide.eclipse.wtp.WarLifecycleMapping lifecycle mapping for MavenProject: com.emc:shoppingcart:1.0.0-BUILD-SNAPSHOT @ C:\Users\shivas7\Documents\GSAP2015\Team-C\pom.xml.
2015-09-07 23:13:37,491 [Worker-1] WARN  o.e.m.c.i.embedder.EclipseLogger - Using platform encoding (Cp1252 actually) to copy filtered resources, i.e. build is platform dependent!
2015-09-07 23:13:37,506 [Worker-1] INFO  o.e.m.c.i.embedder.EclipseLogger - Copying 1 resource
2015-09-07 23:13:37,522 [Worker-1] WARN  o.e.m.c.i.embedder.EclipseLogger - Using platform encoding (Cp1252 actually) to copy filtered resources, i.e. build is platform dependent!
2015-09-07 23:13:37,522 [Worker-1] INFO  o.e.m.c.i.embedder.EclipseLogger - Copying 1 resource
2015-09-07 23:13:37,522 [Worker-1] INFO  o.e.m.w.i.f.ResourceFilteringBuildParticipant - Changed resources require a complete clean of filtered resources of Team-C
2015-09-07 23:13:37,522 [Worker-1] INFO  o.e.m.w.i.f.ResourceFilteringBuildParticipant - Executing resource filtering for Team-C
2015-09-07 23:13:37,522 [Worker-1] WARN  o.e.m.c.i.embedder.EclipseLogger - Using platform encoding (Cp1252 actually) to copy filtered resources, i.e. build is platform dependent!
2015-09-07 23:14:39,370 [Worker-0] INFO  o.e.m.c.i.l.LifecycleMappingFactory - Using org.maven.ide.eclipse.wtp.WarLifecycleMapping lifecycle mapping for MavenProject: com.emc:shoppingcart:1.0.0-BUILD-SNAPSHOT @ C:\Users\shivas7\Documents\GSAP2015\Team-C\pom.xml.
2015-09-07 23:14:41,460 [Worker-0] WARN  o.e.m.c.i.embedder.EclipseLogger - Using platform encoding (Cp1252 actually) to copy filtered resources, i.e. build is platform dependent!
2015-09-07 23:14:41,476 [Worker-0] INFO  o.e.m.c.i.embedder.EclipseLogger - Copying 0 resource
2015-09-07 23:14:41,476 [Worker-0] WARN  o.e.m.c.i.embedder.EclipseLogger - Using platform encoding (Cp1252 actually) to copy filtered resources, i.e. build is platform dependent!
2015-09-07 23:14:41,491 [Worker-0] INFO  o.e.m.c.i.embedder.EclipseLogger - Copying 0 resource
2015-09-07 23:14:41,491 [Worker-0] INFO  o.e.m.w.i.f.ResourceFilteringBuildParticipant - Changed resources require a complete clean of filtered resources of Team-C
2015-09-07 23:14:41,491 [Worker-0] INFO  o.e.m.w.i.f.ResourceFilteringBuildParticipant - Executing resource filtering for Team-C
2015-09-07 23:14:41,491 [Worker-0] WARN  o.e.m.c.i.embedder.EclipseLogger - Using platform encoding (Cp1252 actually) to copy filtered resources, i.e. build is platform dependent!
2015-09-07 23:14:44,518 [Worker-0] WARN  o.e.m.c.i.embedder.EclipseLogger - Using platform encoding (Cp1252 actually) to copy filtered resources, i.e. build is platform dependent!
2015-09-07 23:14:44,518 [Worker-0] INFO  o.e.m.c.i.embedder.EclipseLogger - Copying 0 resource
2015-09-07 23:14:44,518 [Worker-0] WARN  o.e.m.c.i.embedder.EclipseLogger - Using platform encoding (Cp1252 actually) to copy filtered resources, i.e. build is platform dependent!
2015-09-07 23:14:44,518 [Worker-0] INFO  o.e.m.c.i.embedder.EclipseLogger - Copying 0 resource
2015-09-07 23:16:23,685 [Worker-11] INFO  o.e.m.c.i.l.LifecycleMappingFactory - Using org.maven.ide.eclipse.wtp.WarLifecycleMapping lifecycle mapping for MavenProject: com.emc:shoppingcart:1.0.0-BUILD-SNAPSHOT @ C:\Users\shivas7\Documents\GSAP2015\Team-C\pom.xml.
2015-09-07 23:16:25,479 [Worker-11] WARN  o.e.m.c.i.embedder.EclipseLogger - Using platform encoding (Cp1252 actually) to copy filtered resources, i.e. build is platform dependent!
2015-09-07 23:16:25,495 [Worker-11] INFO  o.e.m.c.i.embedder.EclipseLogger - Copying 0 resource
2015-09-07 23:16:25,495 [Worker-11] WARN  o.e.m.c.i.embedder.EclipseLogger - Using platform encoding (Cp1252 actually) to copy filtered resources, i.e. build is platform dependent!
2015-09-07 23:16:25,495 [Worker-11] INFO  o.e.m.c.i.embedder.EclipseLogger - Copying 0 resource
2015-09-07 23:16:25,495 [Worker-11] INFO  o.e.m.w.i.f.ResourceFilteringBuildParticipant - Changed resources require a complete clean of filtered resources of Team-C
2015-09-07 23:16:25,495 [Worker-11] INFO  o.e.m.w.i.f.ResourceFilteringBuildParticipant - Executing resource filtering for Team-C
2015-09-07 23:16:25,495 [Worker-11] WARN  o.e.m.c.i.embedder.EclipseLogger - Using platform encoding (Cp1252 actually) to copy filtered resources, i.e. build is platform dependent!
2015-09-07 23:16:28,677 [Worker-15] WARN  o.e.m.c.i.embedder.EclipseLogger - Using platform encoding (Cp1252 actually) to copy filtered resources, i.e. build is platform dependent!
2015-09-07 23:16:28,693 [Worker-15] INFO  o.e.m.c.i.embedder.EclipseLogger - Copying 1 resource
2015-09-07 23:16:28,693 [Worker-15] WARN  o.e.m.c.i.embedder.EclipseLogger - Using platform encoding (Cp1252 actually) to copy filtered resources, i.e. build is platform dependent!
2015-09-07 23:16:28,709 [Worker-15] INFO  o.e.m.c.i.embedder.EclipseLogger - Copying 1 resource
2015-09-07 23:17:46,849 [Worker-7] WARN  o.e.m.c.i.embedder.EclipseLogger - Using platform encoding (Cp1252 actually) to copy filtered resources, i.e. build is platform dependent!
2015-09-07 23:17:46,849 [Worker-7] INFO  o.e.m.c.i.embedder.EclipseLogger - Copying 0 resource
2015-09-07 23:17:46,849 [Worker-7] WARN  o.e.m.c.i.embedder.EclipseLogger - Using platform encoding (Cp1252 actually) to copy filtered resources, i.e. build is platform dependent!
2015-09-07 23:17:46,865 [Worker-7] INFO  o.e.m.c.i.embedder.EclipseLogger - Copying 0 resource
2015-09-07 23:17:52,452 [Worker-13] WARN  o.e.m.c.i.embedder.EclipseLogger - Using platform encoding (Cp1252 actually) to copy filtered resources, i.e. build is platform dependent!
2015-09-07 23:17:52,467 [Worker-13] INFO  o.e.m.c.i.embedder.EclipseLogger - Copying 1 resource
2015-09-07 23:17:52,467 [Worker-13] WARN  o.e.m.c.i.embedder.EclipseLogger - Using platform encoding (Cp1252 actually) to copy filtered resources, i.e. build is platform dependent!
2015-09-07 23:17:52,467 [Worker-13] INFO  o.e.m.c.i.embedder.EclipseLogger - Copying 0 resource
